 ____________________________________________
< PLAY [Practice with variable manipulation] >
 --------------------------------------------
        \   ^__^
         \  (oo)\_______
            (__)\       )\/\
                ||----w |
                ||     ||

 ___________________________________
< TASK [debug with specific values] >
 -----------------------------------
        \   ^__^
         \  (oo)\_______
            (__)\       )\/\
                ||----w |
                ||     ||

ok: [localhost] => (item={'key': 'ipv4', 'value': [{'name': 'ICM-TITAN', 'seq': [{'num': '10', 'action': 'act-10', 'rule': 'rule-10'}, {'num': '20', 'action': 'act-20', 'rule': 'rule-20'}]}, {'name': 'ICM-TITAN2', 'seq': [{'num': '30', 'action': 'act-30', 'rule': 'rule-30'}]}]}) => {
    "msg": [
        "prefix-list key    >>> ipv4",
        "p value 0 name     >>> ICM-TITAN",
        "p value 1 name     >>> ICM-TITAN2",
        "val 0 seq 0 num    >>> 10",
        "val 0 seq 1 rule   >>> rule-20",
        "val 1 seq 0 action >>> act-30"
    ]
}
 ________________________________________________________
< TASK [Loop across the list mapped to prefix_list.ipv4] >
 --------------------------------------------------------
        \   ^__^
         \  (oo)\_______
            (__)\       )\/\
                ||----w |
                ||     ||

ok: [localhost] => (item={'name': 'ICM-TITAN', 'seq': [{'num': '10', 'action': 'act-10', 'rule': 'rule-10'}, {'num': '20', 'action': 'act-20', 'rule': 'rule-20'}]}) => {
    "ansible_loop_var": "item",
    "item": {
        "name": "ICM-TITAN",
        "seq": [
            {
                "action": "act-10",
                "num": "10",
                "rule": "rule-10"
            },
            {
                "action": "act-20",
                "num": "20",
                "rule": "rule-20"
            }
        ]
    },
    "item.name": "ICM-TITAN"
}
ok: [localhost] => (item={'name': 'ICM-TITAN2', 'seq': [{'num': '30', 'action': 'act-30', 'rule': 'rule-30'}]}) => {
    "ansible_loop_var": "item",
    "item": {
        "name": "ICM-TITAN2",
        "seq": [
            {
                "action": "act-30",
                "num": "30",
                "rule": "rule-30"
            }
        ]
    },
    "item.name": "ICM-TITAN2"
}
 ____________
< PLAY RECAP >
 ------------
        \   ^__^
         \  (oo)\_______
            (__)\       )\/\
                ||----w |
                ||     ||

localhost                  : ok=2    changed=0    unreachable=0    failed=0    skipped=0    rescued=0    ignored=0   

